

Started GET "/" for 127.0.0.1 at 2015-03-09 15:49:03 +0700
  [1m[36mActiveRecord::SchemaMigration Load (0.1ms)[0m  [1mSELECT `schema_migrations`.* FROM `schema_migrations`[0m
Processing by UsersController#index as HTML
  [1m[35mUser Load (0.1ms)[0m  SELECT `users`.* FROM `users`
  Rendered users/index.html.erb within layouts/application (8.9ms)
Completed 200 OK in 83ms (Views: 73.1ms | ActiveRecord: 0.9ms)


Started GET "/assets/scaffolds-f0e395102d7f72084f615af25adb3e04.css?body=1" for 127.0.0.1 at 2015-03-09 15:49:04 +0700


Started GET "/assets/users-64e62ddc273c2f5847f30d698ca14b67.css?body=1" for 127.0.0.1 at 2015-03-09 15:49:04 +0700


Started GET "/assets/jquery-87424c3c19e96d4fb033c10ebe21ec40.js?body=1" for 127.0.0.1 at 2015-03-09 15:49:04 +0700


Started GET "/assets/jquery_ujs-e27bd20a10d28155845a22d71ef94f2f.js?body=1" for 127.0.0.1 at 2015-03-09 15:49:04 +0700


Started GET "/assets/turbolinks-f87b3583ca50adb0488b031297f5580d.js?body=1" for 127.0.0.1 at 2015-03-09 15:49:04 +0700


Started GET "/assets/users-fcec5b5a277ac7c20cc9f45a209a3bcd.js?body=1" for 127.0.0.1 at 2015-03-09 15:49:04 +0700


Started GET "/users?utf8=%E2%9C%93&search=abcd&commit=Search" for 127.0.0.1 at 2015-03-09 15:49:07 +0700
Processing by UsersController#index as JS
  Parameters: {"utf8"=>"✓", "search"=>"abcd", "commit"=>"Search"}
  [1m[36mUser Load (0.1ms)[0m  [1mSELECT `users`.* FROM `users` WHERE (name LIKE '%abcd%')[0m
  Rendered users/_table_data.html.erb (1.6ms)
  Rendered users/index.js.erb (8.8ms)
Completed 200 OK in 14ms (Views: 13.7ms | ActiveRecord: 0.1ms)


Started GET "/users?utf8=%E2%9C%93&search=abcd&commit=Search" for 127.0.0.1 at 2015-03-09 15:49:07 +0700
Processing by UsersController#index as JS
  Parameters: {"utf8"=>"✓", "search"=>"abcd", "commit"=>"Search"}
  [1m[35mUser Load (0.1ms)[0m  SELECT `users`.* FROM `users` WHERE (name LIKE '%abcd%')
  Rendered users/_table_data.html.erb (1.1ms)
  Rendered users/index.js.erb (6.3ms)
Completed 200 OK in 12ms (Views: 11.3ms | ActiveRecord: 0.1ms)


Started GET "/users" for 127.0.0.1 at 2015-03-09 15:49:10 +0700
Processing by UsersController#index as HTML
  [1m[36mUser Load (0.1ms)[0m  [1mSELECT `users`.* FROM `users`[0m
  Rendered users/index.html.erb within layouts/application (2.2ms)
Completed 200 OK in 31ms (Views: 30.8ms | ActiveRecord: 0.1ms)


Started GET "/users?utf8=%E2%9C%93&search=duc&commit=Search" for 127.0.0.1 at 2015-03-09 15:49:12 +0700
Processing by UsersController#index as JS
  Parameters: {"utf8"=>"✓", "search"=>"duc", "commit"=>"Search"}
  [1m[35mUser Load (0.1ms)[0m  SELECT `users`.* FROM `users` WHERE (name LIKE '%duc%')
  Rendered users/_table_data.html.erb (0.6ms)
  Rendered users/index.js.erb (5.2ms)
Completed 200 OK in 11ms (Views: 9.9ms | ActiveRecord: 0.1ms)


Started GET "/users?utf8=%E2%9C%93&search=duc&commit=Search" for 127.0.0.1 at 2015-03-09 15:49:12 +0700
Processing by UsersController#index as JS
  Parameters: {"utf8"=>"✓", "search"=>"duc", "commit"=>"Search"}
  [1m[36mUser Load (0.1ms)[0m  [1mSELECT `users`.* FROM `users` WHERE (name LIKE '%duc%')[0m
  Rendered users/_table_data.html.erb (0.6ms)
  Rendered users/index.js.erb (5.0ms)
Completed 200 OK in 10ms (Views: 9.7ms | ActiveRecord: 0.1ms)


Started GET "/users" for 127.0.0.1 at 2015-03-09 15:49:12 +0700
Processing by UsersController#index as HTML
  [1m[35mUser Load (0.1ms)[0m  SELECT `users`.* FROM `users`
  Rendered users/index.html.erb within layouts/application (2.3ms)
Completed 200 OK in 33ms (Views: 32.7ms | ActiveRecord: 0.1ms)


Started GET "/users?utf8=%E2%9C%93&search=fdfs&commit=Search" for 127.0.0.1 at 2015-03-09 15:49:15 +0700
Processing by UsersController#index as JS
  Parameters: {"utf8"=>"✓", "search"=>"fdfs", "commit"=>"Search"}
  [1m[36mUser Load (0.3ms)[0m  [1mSELECT `users`.* FROM `users` WHERE (name LIKE '%fdfs%')[0m
  Rendered users/_table_data.html.erb (0.0ms)
  Rendered users/index.js.erb (4.6ms)
Completed 200 OK in 10ms (Views: 9.4ms | ActiveRecord: 0.3ms)


Started GET "/users?utf8=%E2%9C%93&search=fdfs&commit=Search" for 127.0.0.1 at 2015-03-09 15:49:15 +0700
Processing by UsersController#index as JS
  Parameters: {"utf8"=>"✓", "search"=>"fdfs", "commit"=>"Search"}
  [1m[35mUser Load (0.1ms)[0m  SELECT `users`.* FROM `users` WHERE (name LIKE '%fdfs%')
  Rendered users/_table_data.html.erb (0.0ms)
  Rendered users/index.js.erb (3.9ms)
Completed 200 OK in 9ms (Views: 8.6ms | ActiveRecord: 0.1ms)


Started GET "/users" for 127.0.0.1 at 2015-03-09 15:49:17 +0700
Processing by UsersController#index as HTML
  [1m[36mUser Load (0.1ms)[0m  [1mSELECT `users`.* FROM `users`[0m
  Rendered users/index.html.erb within layouts/application (2.2ms)
Completed 200 OK in 36ms (Views: 35.3ms | ActiveRecord: 0.1ms)


Started GET "/users/new" for 127.0.0.1 at 2015-03-09 15:49:25 +0700
Processing by UsersController#new as HTML
  Rendered users/_form.html.erb (15.3ms)
  Rendered users/new.html.erb within layouts/application (16.4ms)
Completed 200 OK in 47ms (Views: 46.7ms | ActiveRecord: 0.0ms)
